Determining if the pthread_create exist failed with the following output:
Change Dir: /home/ubuntu/catkin_ws/build_isolated/eigen_conversions/CMakeFiles/CMakeTmp

Run Build Command:"/usr/bin/make" "cmTC_dc141/fast"
/usr/bin/make -f CMakeFiles/cmTC_dc141.dir/build.make CMakeFiles/cmTC_dc141.dir/build
make[1]: Entering directory '/home/ubuntu/catkin_ws/build_isolated/eigen_conversions/CMakeFiles/CMakeTmp'
Building C object CMakeFiles/cmTC_dc141.dir/CheckSymbolExists.c.o
/usr/bin/cc     -o CMakeFiles/cmTC_dc141.dir/CheckSymbolExists.c.o   -c /home/ubuntu/catkin_ws/build_isolated/eigen_conversions/CMakeFiles/CMakeTmp/CheckSymbolExists.c
Linking C executable cmTC_dc141
/usr/bin/cmake -E cmake_link_script CMakeFiles/cmTC_dc141.dir/link.txt --verbose=1
/usr/bin/cc       CMakeFiles/cmTC_dc141.dir/CheckSymbolExists.c.o  -o cmTC_dc141 -rdynamic 
CMakeFiles/cmTC_dc141.dir/CheckSymbolExists.c.o: In function `main':
CheckSymbolExists.c:(.text+0xe): undefined reference to `pthread_create'
CheckSymbolExists.c:(.text+0x12): undefined reference to `pthread_create'
collect2: error: ld returned 1 exit status
CMakeFiles/cmTC_dc141.dir/build.make:97: recipe for target 'cmTC_dc141' failed
make[1]: *** [cmTC_dc141] Error 1
make[1]: Leaving directory '/home/ubuntu/catkin_ws/build_isolated/eigen_conversions/CMakeFiles/CMakeTmp'
Makefile:126: recipe for target 'cmTC_dc141/fast' failed
make: *** [cmTC_dc141/fast] Error 2

File /home/ubuntu/catkin_ws/build_isolated/eigen_conversions/CMakeFiles/CMakeTmp/CheckSymbolExists.c:
/* */
#include <pthread.h>

int main(int argc, char** argv)
{
  (void)argv;
#ifndef pthread_create
  return ((int*)(&pthread_create))[argc];
#else
  (void)argc;
  return 0;
#endif
}

Determining if the function pthread_create exists in the pthreads failed with the following output:
Change Dir: /home/ubuntu/catkin_ws/build_isolated/eigen_conversions/CMakeFiles/CMakeTmp

Run Build Command:"/usr/bin/make" "cmTC_bc99c/fast"
/usr/bin/make -f CMakeFiles/cmTC_bc99c.dir/build.make CMakeFiles/cmTC_bc99c.dir/build
make[1]: Entering directory '/home/ubuntu/catkin_ws/build_isolated/eigen_conversions/CMakeFiles/CMakeTmp'
Building C object CMakeFiles/cmTC_bc99c.dir/CheckFunctionExists.c.o
/usr/bin/cc    -DCHECK_FUNCTION_EXISTS=pthread_create   -o CMakeFiles/cmTC_bc99c.dir/CheckFunctionExists.c.o   -c /usr/share/cmake-3.5/Modules/CheckFunctionExists.c
Linking C executable cmTC_bc99c
/usr/bin/cmake -E cmake_link_script CMakeFiles/cmTC_bc99c.dir/link.txt --verbose=1
/usr/bin/cc   -DCHECK_FUNCTION_EXISTS=pthread_create    CMakeFiles/cmTC_bc99c.dir/CheckFunctionExists.c.o  -o cmTC_bc99c -rdynamic -lpthreads 
/usr/bin/ld: cannot find -lpthreads
collect2: error: ld returned 1 exit status
CMakeFiles/cmTC_bc99c.dir/build.make:97: recipe for target 'cmTC_bc99c' failed
make[1]: *** [cmTC_bc99c] Error 1
make[1]: Leaving directory '/home/ubuntu/catkin_ws/build_isolated/eigen_conversions/CMakeFiles/CMakeTmp'
Makefile:126: recipe for target 'cmTC_bc99c/fast' failed
make: *** [cmTC_bc99c/fast] Error 2


