Determining if the pthread_create exist failed with the following output:
Change Dir: /home/ubuntu/catkin_ws/build_isolated/geometry2/CMakeFiles/CMakeTmp

Run Build Command:"/usr/bin/make" "cmTC_d073b/fast"
/usr/bin/make -f CMakeFiles/cmTC_d073b.dir/build.make CMakeFiles/cmTC_d073b.dir/build
make[1]: Entering directory '/home/ubuntu/catkin_ws/build_isolated/geometry2/CMakeFiles/CMakeTmp'
Building C object CMakeFiles/cmTC_d073b.dir/CheckSymbolExists.c.o
/usr/bin/cc     -o CMakeFiles/cmTC_d073b.dir/CheckSymbolExists.c.o   -c /home/ubuntu/catkin_ws/build_isolated/geometry2/CMakeFiles/CMakeTmp/CheckSymbolExists.c
Linking C executable cmTC_d073b
/usr/bin/cmake -E cmake_link_script CMakeFiles/cmTC_d073b.dir/link.txt --verbose=1
/usr/bin/cc       CMakeFiles/cmTC_d073b.dir/CheckSymbolExists.c.o  -o cmTC_d073b -rdynamic 
CMakeFiles/cmTC_d073b.dir/CheckSymbolExists.c.o: In function `main':
CheckSymbolExists.c:(.text+0xe): undefined reference to `pthread_create'
CheckSymbolExists.c:(.text+0x12): undefined reference to `pthread_create'
collect2: error: ld returned 1 exit status
CMakeFiles/cmTC_d073b.dir/build.make:97: recipe for target 'cmTC_d073b' failed
make[1]: *** [cmTC_d073b] Error 1
make[1]: Leaving directory '/home/ubuntu/catkin_ws/build_isolated/geometry2/CMakeFiles/CMakeTmp'
Makefile:126: recipe for target 'cmTC_d073b/fast' failed
make: *** [cmTC_d073b/fast] Error 2

File /home/ubuntu/catkin_ws/build_isolated/geometry2/CMakeFiles/CMakeTmp/CheckSymbolExists.c:
/* */
#include <pthread.h>

int main(int argc, char** argv)
{
  (void)argv;
#ifndef pthread_create
  return ((int*)(&pthread_create))[argc];
#else
  (void)argc;
  return 0;
#endif
}

Determining if the function pthread_create exists in the pthreads failed with the following output:
Change Dir: /home/ubuntu/catkin_ws/build_isolated/geometry2/CMakeFiles/CMakeTmp

Run Build Command:"/usr/bin/make" "cmTC_13743/fast"
/usr/bin/make -f CMakeFiles/cmTC_13743.dir/build.make CMakeFiles/cmTC_13743.dir/build
make[1]: Entering directory '/home/ubuntu/catkin_ws/build_isolated/geometry2/CMakeFiles/CMakeTmp'
Building C object CMakeFiles/cmTC_13743.dir/CheckFunctionExists.c.o
/usr/bin/cc    -DCHECK_FUNCTION_EXISTS=pthread_create   -o CMakeFiles/cmTC_13743.dir/CheckFunctionExists.c.o   -c /usr/share/cmake-3.5/Modules/CheckFunctionExists.c
Linking C executable cmTC_13743
/usr/bin/cmake -E cmake_link_script CMakeFiles/cmTC_13743.dir/link.txt --verbose=1
/usr/bin/cc   -DCHECK_FUNCTION_EXISTS=pthread_create    CMakeFiles/cmTC_13743.dir/CheckFunctionExists.c.o  -o cmTC_13743 -rdynamic -lpthreads 
/usr/bin/ld: cannot find -lpthreads
collect2: error: ld returned 1 exit status
CMakeFiles/cmTC_13743.dir/build.make:97: recipe for target 'cmTC_13743' failed
make[1]: *** [cmTC_13743] Error 1
make[1]: Leaving directory '/home/ubuntu/catkin_ws/build_isolated/geometry2/CMakeFiles/CMakeTmp'
Makefile:126: recipe for target 'cmTC_13743/fast' failed
make: *** [cmTC_13743/fast] Error 2


