Determining if the pthread_create exist failed with the following output:
Change Dir: /home/ubuntu/catkin_ws/build_isolated/rospy_tutorials/CMakeFiles/CMakeTmp

Run Build Command:"/usr/bin/make" "cmTC_a8838/fast"
/usr/bin/make -f CMakeFiles/cmTC_a8838.dir/build.make CMakeFiles/cmTC_a8838.dir/build
make[1]: Entering directory '/home/ubuntu/catkin_ws/build_isolated/rospy_tutorials/CMakeFiles/CMakeTmp'
Building C object CMakeFiles/cmTC_a8838.dir/CheckSymbolExists.c.o
/usr/bin/cc     -o CMakeFiles/cmTC_a8838.dir/CheckSymbolExists.c.o   -c /home/ubuntu/catkin_ws/build_isolated/rospy_tutorials/CMakeFiles/CMakeTmp/CheckSymbolExists.c
Linking C executable cmTC_a8838
/usr/bin/cmake -E cmake_link_script CMakeFiles/cmTC_a8838.dir/link.txt --verbose=1
/usr/bin/cc       CMakeFiles/cmTC_a8838.dir/CheckSymbolExists.c.o  -o cmTC_a8838 -rdynamic 
CMakeFiles/cmTC_a8838.dir/CheckSymbolExists.c.o: In function `main':
CheckSymbolExists.c:(.text+0xe): undefined reference to `pthread_create'
CheckSymbolExists.c:(.text+0x12): undefined reference to `pthread_create'
collect2: error: ld returned 1 exit status
CMakeFiles/cmTC_a8838.dir/build.make:97: recipe for target 'cmTC_a8838' failed
make[1]: *** [cmTC_a8838] Error 1
make[1]: Leaving directory '/home/ubuntu/catkin_ws/build_isolated/rospy_tutorials/CMakeFiles/CMakeTmp'
Makefile:126: recipe for target 'cmTC_a8838/fast' failed
make: *** [cmTC_a8838/fast] Error 2

File /home/ubuntu/catkin_ws/build_isolated/rospy_tutorials/CMakeFiles/CMakeTmp/CheckSymbolExists.c:
/* */
#include <pthread.h>

int main(int argc, char** argv)
{
  (void)argv;
#ifndef pthread_create
  return ((int*)(&pthread_create))[argc];
#else
  (void)argc;
  return 0;
#endif
}

Determining if the function pthread_create exists in the pthreads failed with the following output:
Change Dir: /home/ubuntu/catkin_ws/build_isolated/rospy_tutorials/CMakeFiles/CMakeTmp

Run Build Command:"/usr/bin/make" "cmTC_2ba9c/fast"
/usr/bin/make -f CMakeFiles/cmTC_2ba9c.dir/build.make CMakeFiles/cmTC_2ba9c.dir/build
make[1]: Entering directory '/home/ubuntu/catkin_ws/build_isolated/rospy_tutorials/CMakeFiles/CMakeTmp'
Building C object CMakeFiles/cmTC_2ba9c.dir/CheckFunctionExists.c.o
/usr/bin/cc    -DCHECK_FUNCTION_EXISTS=pthread_create   -o CMakeFiles/cmTC_2ba9c.dir/CheckFunctionExists.c.o   -c /usr/share/cmake-3.5/Modules/CheckFunctionExists.c
Linking C executable cmTC_2ba9c
/usr/bin/cmake -E cmake_link_script CMakeFiles/cmTC_2ba9c.dir/link.txt --verbose=1
/usr/bin/cc   -DCHECK_FUNCTION_EXISTS=pthread_create    CMakeFiles/cmTC_2ba9c.dir/CheckFunctionExists.c.o  -o cmTC_2ba9c -rdynamic -lpthreads 
/usr/bin/ld: cannot find -lpthreads
collect2: error: ld returned 1 exit status
CMakeFiles/cmTC_2ba9c.dir/build.make:97: recipe for target 'cmTC_2ba9c' failed
make[1]: *** [cmTC_2ba9c] Error 1
make[1]: Leaving directory '/home/ubuntu/catkin_ws/build_isolated/rospy_tutorials/CMakeFiles/CMakeTmp'
Makefile:126: recipe for target 'cmTC_2ba9c/fast' failed
make: *** [cmTC_2ba9c/fast] Error 2


